<?xml version="1.0" encoding="utf-8"?><testsuites name="pytest tests"><testsuite name="pytest" errors="0" failures="0" skipped="0" tests="6" time="25.269" timestamp="2026-04-20T18:40:11.698857+00:00" hostname="agent-env-076a4004-de1a-4c9f-9df7-311f47147d29"><testcase classname="backend.tests.test_brain_dump_misc" name="test_default_mode_is_grocery" time="1.941" /><testcase classname="backend.tests.test_brain_dump_misc" name="test_explicit_mode_grocery_works" time="1.892" /><testcase classname="backend.tests.test_brain_dump_misc" name="test_misc_mode_returns_location_tags" time="3.468" /><testcase classname="backend.tests.test_brain_dump_misc" name="test_misc_mode_validation_empty_text" time="0.157" /><testcase classname="backend.tests.test_brain_dump_misc" name="test_misc_mode_validation_too_long" time="0.116" /><testcase classname="backend.tests.test_brain_dump_misc" name="test_rate_limit_shared_across_modes" time="17.635" /></testsuite></testsuites>