<?xml version="1.0" encoding="utf-8"?><testsuites name="pytest tests"><testsuite name="pytest" errors="0" failures="0" skipped="0" tests="6" time="23.498" timestamp="2026-04-20T18:40:41.997236+00:00" hostname="agent-env-076a4004-de1a-4c9f-9df7-311f47147d29"><testcase classname="backend.tests.test_brain_dump" name="test_empty_text_returns_400" time="0.136" /><testcase classname="backend.tests.test_brain_dump" name="test_whitespace_text_returns_400" time="0.144" /><testcase classname="backend.tests.test_brain_dump" name="test_too_long_text_returns_400" time="0.148" /><testcase classname="backend.tests.test_brain_dump" name="test_missing_user_id_returns_400" time="0.145" /><testcase classname="backend.tests.test_brain_dump" name="test_normal_brain_dump_parses_items" time="3.754" /><testcase classname="backend.tests.test_brain_dump" name="test_rate_limit_429_after_10_requests" time="19.102" /></testsuite></testsuites>