<?xml version="1.0" encoding="utf-8"?><testsuites name="pytest tests"><testsuite name="pytest" errors="0" failures="0" skipped="0" tests="25" time="120.327" timestamp="2026-04-20T20:01:23.444990+00:00" hostname="agent-env-076a4004-de1a-4c9f-9df7-311f47147d29"><testcase classname="backend.tests.test_brain_dump" name="test_empty_text_returns_400" time="0.284" /><testcase classname="backend.tests.test_brain_dump" name="test_whitespace_text_returns_400" time="1.198" /><testcase classname="backend.tests.test_brain_dump" name="test_too_long_text_returns_400" time="0.157" /><testcase classname="backend.tests.test_brain_dump" name="test_missing_user_id_returns_400" time="0.152" /><testcase classname="backend.tests.test_brain_dump" name="test_normal_brain_dump_parses_items" time="4.242" /><testcase classname="backend.tests.test_brain_dump" name="test_rate_limit_429_after_10_requests" time="24.875" /><testcase classname="backend.tests.test_brain_dump_misc" name="test_default_mode_is_grocery" time="2.634" /><testcase classname="backend.tests.test_brain_dump_misc" name="test_explicit_mode_grocery_works" time="2.408" /><testcase classname="backend.tests.test_brain_dump_misc" name="test_misc_mode_returns_location_tags" time="3.342" /><testcase classname="backend.tests.test_brain_dump_misc" name="test_misc_mode_validation_empty_text" time="0.115" /><testcase classname="backend.tests.test_brain_dump_misc" name="test_misc_mode_validation_too_long" time="0.150" /><testcase classname="backend.tests.test_brain_dump_misc" name="test_rate_limit_shared_across_modes" time="20.742" /><testcase classname="backend.tests.test_brain_dump_todos" name="test_todos_mode_returns_correct_schema" time="4.118" /><testcase classname="backend.tests.test_brain_dump_todos" name="test_stale_due_date_is_nulled_out" time="4.889" /><testcase classname="backend.tests.test_brain_dump_todos" name="test_no_mode_still_grocery" time="2.019" /><testcase classname="backend.tests.test_brain_dump_todos" name="test_todos_mode_empty_text_400" time="0.128" /><testcase classname="backend.tests.test_brain_dump_todos" name="test_todos_mode_too_long_400" time="0.133" /><testcase classname="backend.tests.test_brain_dump_todos" name="test_rate_limit_shared_all_three_modes" time="19.142" /><testcase classname="backend.tests.test_brain_dump_expense" name="test_expense_mode_basic_extraction" time="3.017" /><testcase classname="backend.tests.test_brain_dump_expense" name="test_expense_invalid_category_normalized_to_sonstiges" time="1.903" /><testcase classname="backend.tests.test_brain_dump_expense" name="test_expense_stale_date_nulled" time="2.496" /><testcase classname="backend.tests.test_brain_dump_expense" name="test_default_mode_still_grocery" time="2.102" /><testcase classname="backend.tests.test_brain_dump_expense" name="test_expense_empty_text_400" time="0.128" /><testcase classname="backend.tests.test_brain_dump_expense" name="test_expense_too_long_400" time="0.109" /><testcase classname="backend.tests.test_brain_dump_expense" name="test_rate_limit_shared_all_four_modes" time="19.752" /></testsuite></testsuites>