<?xml version="1.0" encoding="utf-8"?><testsuites name="pytest tests"><testsuite name="pytest" errors="0" failures="0" skipped="0" tests="18" time="86.662" timestamp="2026-04-20T19:38:45.095448+00:00" hostname="agent-env-076a4004-de1a-4c9f-9df7-311f47147d29"><testcase classname="backend.tests.test_brain_dump" name="test_empty_text_returns_400" time="0.275" /><testcase classname="backend.tests.test_brain_dump" name="test_whitespace_text_returns_400" time="0.158" /><testcase classname="backend.tests.test_brain_dump" name="test_too_long_text_returns_400" time="0.172" /><testcase classname="backend.tests.test_brain_dump" name="test_missing_user_id_returns_400" time="0.123" /><testcase classname="backend.tests.test_brain_dump" name="test_normal_brain_dump_parses_items" time="3.868" /><testcase classname="backend.tests.test_brain_dump" name="test_rate_limit_429_after_10_requests" time="19.833" /><testcase classname="backend.tests.test_brain_dump_misc" name="test_default_mode_is_grocery" time="1.832" /><testcase classname="backend.tests.test_brain_dump_misc" name="test_explicit_mode_grocery_works" time="2.644" /><testcase classname="backend.tests.test_brain_dump_misc" name="test_misc_mode_returns_location_tags" time="2.745" /><testcase classname="backend.tests.test_brain_dump_misc" name="test_misc_mode_validation_empty_text" time="0.200" /><testcase classname="backend.tests.test_brain_dump_misc" name="test_misc_mode_validation_too_long" time="0.123" /><testcase classname="backend.tests.test_brain_dump_misc" name="test_rate_limit_shared_across_modes" time="19.050" /><testcase classname="backend.tests.test_brain_dump_todos" name="test_todos_mode_returns_correct_schema" time="3.445" /><testcase classname="backend.tests.test_brain_dump_todos" name="test_stale_due_date_is_nulled_out" time="5.385" /><testcase classname="backend.tests.test_brain_dump_todos" name="test_no_mode_still_grocery" time="1.794" /><testcase classname="backend.tests.test_brain_dump_todos" name="test_todos_mode_empty_text_400" time="0.141" /><testcase classname="backend.tests.test_brain_dump_todos" name="test_todos_mode_too_long_400" time="0.175" /><testcase classname="backend.tests.test_brain_dump_todos" name="test_rate_limit_shared_all_three_modes" time="24.604" /></testsuite></testsuites>